0 info it worked if it ends with ok
1 verbose cli [ '/usr/bin/node', '/usr/bin/npm', 'link', '../world-modeling' ]
2 info using npm@1.4.28
3 info using node@v0.10.35
4 verbose node symlink /usr/bin/node
5 verbose linkPkg /home/iceiony/Workspace/TextGame/world-modeling
6 error Error: EACCES, symlink '/home/iceiony/Workspace/TextGame/world-modeling'
6 error  { [Error: EACCES, symlink '/home/iceiony/Workspace/TextGame/world-modeling']
6 error   errno: 3,
6 error   code: 'EACCES',
6 error   path: '/home/iceiony/Workspace/TextGame/world-modeling' }
7 error Please try running this command again as root/Administrator.
8 error System Linux 3.13.0-43-generic
9 error command "/usr/bin/node" "/usr/bin/npm" "link" "../world-modeling"
10 error cwd /home/iceiony/Workspace/TextGame/prototype
11 error node -v v0.10.35
12 error npm -v 1.4.28
13 error path /home/iceiony/Workspace/TextGame/world-modeling
14 error code EACCES
15 error errno 3
16 error stack Error: EACCES, symlink '/home/iceiony/Workspace/TextGame/world-modeling'
17 verbose exit [ 3, true ]
